<?xml version="1.0" encoding="UTF-8"?>
<testsuite xmlns:xsi="http://www.w3.org/2001/XMLSchema-instance" xsi:noNamespaceSchemaLocation="https://maven.apache.org/surefire/maven-surefire-plugin/xsd/surefire-test-report-3.0.xsd" version="3.0" name="ec.epn.edu.git.calculator.CalculadoraParametersTest" time="0.194" tests="4" errors="0" skipped="0" failures="0">
  <properties>
[...]
</properties>
  <testcase name="testSumar(double, double, double)[1]" classname="ec.epn.edu.git.calculator.CalculadoraParametersTest" time="0.062"/>
  <testcase name="testSumar(double, double, double)[2]" classname="ec.epn.edu.git.calculator.CalculadoraParametersTest" time="0.002"/>
  <testcase name="testSumar(double, double, double)[3]" classname="ec.epn.edu.git.calculator.CalculadoraParametersTest" time="0.002"/>
  <testcase name="testSumar(double, double, double)[4]" classname="ec.epn.edu.git.calculator.CalculadoraParametersTest" time="0.003"/>
</testsuite>